\BOOKMARK [0][-]{part.1}{\376\377\000I\000\040\000C\000o\000n\000c\000e\000t\000t\000i\000\040\000M\000a\000t\000e\000m\000a\000t\000i\000c\000i}{}% 1
\BOOKMARK [1][-]{section.1}{\376\377\000N\000o\000t\000a\000z\000i\000o\000n\000e\000\040\000a\000s\000i\000n\000t\000o\000t\000i\000c\000a}{part.1}% 2
\BOOKMARK [2][-]{subsection.1.1}{\376\377\000N\000o\000t\000a\000z\000i\000o\000n\000e\000\040\000O\000-\000g\000r\000a\000n\000d\000e\000\040\000\050\000e\000\040\000o\000-\000p\000i\000c\000c\000o\000l\000o\000\051}{section.1}% 3
\BOOKMARK [2][-]{subsection.1.2}{\376\377\000N\000o\000t\000a\000z\000i\000o\000n\000e\000\040\000O\000m\000e\000g\000a\000-\000g\000r\000a\000n\000d\000e\000\040\000\050\000e\000\040\000o\000m\000e\000g\000a\000-\000p\000i\000c\000c\000o\000l\000o\000\051}{section.1}% 4
\BOOKMARK [2][-]{subsection.1.3}{\376\377\000N\000o\000t\000a\000z\000i\000o\000n\000e\000\040\000T\000h\000e\000t\000a}{section.1}% 5
\BOOKMARK [2][-]{subsection.1.4}{\376\377\000P\000r\000o\000p\000r\000i\000e\000t\000\340\000\040\000d\000i\000\040\000b\000a\000s\000e}{section.1}% 6
\BOOKMARK [2][-]{subsection.1.5}{\376\377\000C\000o\000m\000p\000o\000r\000t\000a\000m\000e\000n\000t\000o\000\040\000r\000i\000s\000p\000e\000t\000t\000o\000\040\000a\000l\000l\000e\000\040\000o\000p\000e\000r\000a\000z\000i\000o\000n\000i}{section.1}% 7
\BOOKMARK [1][-]{section.2}{\376\377\000C\000e\000n\000n\000i\000\040\000u\000t\000i\000l\000i\000\040\000s\000u\000i\000\040\000l\000i\000m\000i\000t\000i}{part.1}% 8
\BOOKMARK [1][-]{section.3}{\376\377\000S\000t\000i\000m\000e\000\040\000d\000i\000\040\000S\000o\000m\000m\000e}{part.1}% 9
\BOOKMARK [0][-]{part.2}{\376\377\000I\000I\000\040\000A\000l\000g\000o\000r\000i\000t\000m\000i}{}% 10
\BOOKMARK [1][-]{section.4}{\376\377\000T\000a\000b\000e\000l\000l\000a\000\040\000r\000i\000a\000s\000s\000u\000n\000t\000i\000v\000a\000\040\000c\000o\000s\000t\000i\000\040\000t\000e\000m\000p\000o\000r\000a\000l\000i}{part.2}% 11
\BOOKMARK [1][-]{section.5}{\376\377\000C\000e\000n\000n\000i\000\040\000i\000n\000t\000r\000o\000d\000u\000t\000t\000i\000v\000i\000\040\000d\000a\000\040\000S\000I\000S\000T\000E\000M\000A\000R\000E}{part.2}% 12
\BOOKMARK [1][-]{section.6}{\376\377\000A\000l\000g\000o\000r\000i\000t\000m\000i\000\040\000d\000i\000\040\000o\000r\000d\000i\000n\000a\000m\000e\000n\000t\000o\000\040\000e\000\040\000c\000o\000s\000t\000r\000u\000z\000i\000o\000n\000e}{part.2}% 13
\BOOKMARK [2][-]{subsection.6.1}{\376\377\000I\000n\000s\000e\000r\000t\000i\000o\000n\000\040\000s\000o\000r\000t}{section.6}% 14
\BOOKMARK [2][-]{subsection.6.2}{\376\377\000M\000e\000r\000g\000e\000\040\000s\000o\000r\000t}{section.6}% 15
\BOOKMARK [2][-]{subsection.6.3}{\376\377\000M\000e\000r\000g\000e}{section.6}% 16
\BOOKMARK [2][-]{subsection.6.4}{\376\377\000B\000u\000i\000l\000d\000-\000H\000e\000a\000p\000\040\000\050\000a\000r\000r\000a\000y\000\051}{section.6}% 17
\BOOKMARK [2][-]{subsection.6.5}{\376\377\000H\000e\000a\000p\000i\000f\000y\000\040\000\050\000a\000r\000r\000a\000y\000\051}{section.6}% 18
\BOOKMARK [2][-]{subsection.6.6}{\376\377\000E\000x\000t\000r\000a\000c\000t\000-\000M\000a\000x\000-\000H\000e\000a\000p}{section.6}% 19
\BOOKMARK [2][-]{subsection.6.7}{\376\377\000H\000e\000a\000p\000\040\000S\000o\000r\000t}{section.6}% 20
\BOOKMARK [2][-]{subsection.6.8}{\376\377\000Q\000u\000i\000c\000k\000\040\000S\000o\000r\000t}{section.6}% 21
\BOOKMARK [2][-]{subsection.6.9}{\376\377\000P\000a\000r\000t\000i\000t\000i\000o\000n}{section.6}% 22
\BOOKMARK [2][-]{subsection.6.10}{\376\377\000S\000e\000l\000e\000c\000t\000i\000o\000n}{section.6}% 23
\BOOKMARK [2][-]{subsection.6.11}{\376\377\000S\000e\000l\000e\000c\000t}{section.6}% 24
\BOOKMARK [1][-]{section.7}{\376\377\000A\000l\000g\000o\000r\000i\000t\000m\000i\000\040\000d\000i\000\040\000o\000r\000d\000i\000n\000a\000m\000e\000n\000t\000o\000\040\000n\000o\000n\000\040\000b\000a\000s\000a\000t\000i\000\040\000s\000u\000\040\000s\000c\000a\000m\000b\000i\000\040\000e\000\040\000c\000o\000n\000f\000r\000o\000n\000t\000i}{part.2}% 25
\BOOKMARK [2][-]{subsection.7.1}{\376\377\000B\000r\000e\000v\000e\000\040\000i\000n\000t\000r\000o}{section.7}% 26
\BOOKMARK [2][-]{subsection.7.2}{\376\377\000C\000o\000u\000n\000t\000i\000n\000g\000\040\000S\000o\000r\000t}{section.7}% 27
\BOOKMARK [2][-]{subsection.7.3}{\376\377\000R\000a\000d\000i\000x\000\040\000S\000o\000r\000t}{section.7}% 28
\BOOKMARK [2][-]{subsection.7.4}{\376\377\000B\000u\000c\000k\000e\000t\000\040\000S\000o\000r\000t}{section.7}% 29
\BOOKMARK [0][-]{part.3}{\376\377\000I\000I\000I\000\040\000S\000t\000r\000u\000t\000t\000u\000r\000e\000\040\000D\000a\000t\000i}{}% 30
\BOOKMARK [1][-]{section.8}{\376\377\000s\000t\000r\000u\000t\000t\000u\000r\000e\000\040\000d\000a\000t\000i\000\040\000l\000i\000n\000e\000a\000r\000i}{part.3}% 31
\BOOKMARK [2][-]{subsection.8.1}{\376\377\000A\000r\000r\000a\000y}{section.8}% 32
\BOOKMARK [2][-]{subsection.8.2}{\376\377\000L\000i\000s\000t\000a}{section.8}% 33
\BOOKMARK [2][-]{subsection.8.3}{\376\377\000P\000i\000l\000a}{section.8}% 34
\BOOKMARK [2][-]{subsection.8.4}{\376\377\000C\000o\000d\000e\000\040\000d\000i\000\040\000p\000r\000i\000o\000r\000i\000t\000\340}{section.8}% 35
\BOOKMARK [2][-]{subsection.8.5}{\376\377\000A\000l\000b\000e\000r\000o\000\040\000B\000i\000n\000a\000r\000i\000o}{section.8}% 36
\BOOKMARK [2][-]{subsection.8.6}{\376\377\000M\000a\000x\000-\000H\000e\000a\000p}{section.8}% 37
\BOOKMARK [2][-]{subsection.8.7}{\376\377\000T\000a\000b\000e\000l\000l\000e\000\040\000d\000i\000\040\000H\000a\000s\000h}{section.8}% 38
\BOOKMARK [2][-]{subsection.8.8}{\376\377\000T\000a\000b\000e\000l\000l\000e\000\040\000d\000i\000\040\000H\000a\000s\000h\000\040\000c\000o\000n\000\040\000C\000h\000a\000i\000n\000i\000n\000g}{section.8}% 39
\BOOKMARK [2][-]{subsection.8.9}{\376\377\000f\000u\000n\000z\000i\000o\000n\000i\000\040\000d\000i\000\040\000H\000a\000s\000h}{section.8}% 40
\BOOKMARK [2][-]{subsection.8.10}{\376\377\000T\000a\000b\000e\000l\000l\000e\000\040\000d\000i\000\040\000H\000a\000s\000h\000\040\000c\000o\000n\000\040\000O\000p\000e\000n\000\040\000A\000d\000d\000r\000e\000s\000s\000i\000n\000g}{section.8}% 41
\BOOKMARK [2][-]{subsection.8.11}{\376\377\000T\000i\000p\000o\000l\000o\000g\000i\000e\000\040\000d\000i\000\040\000s\000c\000a\000n\000s\000i\000o\000n\000e}{section.8}% 42
\BOOKMARK [0][-]{part.4}{\376\377\000I\000V\000\040\000G\000l\000o\000s\000s\000a\000r\000i\000o}{}% 43
\BOOKMARK [1][-]{section.9}{\376\377\000T\000e\000r\000m\000i\000n\000i\000\040\000e\000\040\000d\000e\000f\000i\000n\000i\000z\000i\000o\000n\000e}{part.4}% 44
\BOOKMARK [0][-]{part.5}{\376\377\000V\000\040\000E\000s\000e\000r\000c\000i\000z\000i\000\040\000e\000\040\000s\000f\000i\000d\000e}{}% 45
\BOOKMARK [1][-]{section.10}{\376\377\000e\000s\000e\000r\000c\000i\000z\000i\000\040\000s\000c\000r\000i\000t\000t\000u\000r\000a\000\040\000d\000i\000\040\000a\000l\000g\000o\000r\000i\000t\000m\000i}{part.5}% 46
\BOOKMARK [1][-]{section.11}{\376\377\000e\000q\000u\000a\000z\000i\000o\000n\000i\000\040\000r\000i\000c\000o\000r\000s\000i\000v\000e}{part.5}% 47
\BOOKMARK [1][-]{section.12}{\376\377\000e\000s\000e\000r\000c\000i\000z\000i\000\040\000d\000i\000\040\000i\000n\000d\000u\000z\000i\000o\000n\000e\000\040\000e\000\040\000c\000o\000r\000r\000e\000t\000t\000e\000z\000z\000a}{part.5}% 48
\BOOKMARK [1][-]{section.13}{\376\377\000s\000f\000i\000d\000e}{part.5}% 49
\BOOKMARK [2][-]{subsection.13.1}{\376\377\000P\000o\000s\000s\000i\000b\000i\000l\000i\000t\000y\000\040\000M\000a\000j\000o\000r\000i\000t\000y\000\040\000C\000a\000n\000d\000i\000d\000a\000t\000e}{section.13}% 50
\BOOKMARK [2][-]{subsection.13.2}{\376\377\000L\000i\000s\000t\000e\000\040\000C\000i\000r\000c\000o\000l\000a\000r\000i}{section.13}% 51
\BOOKMARK [2][-]{subsection.13.3}{\376\377\000M\000a\000t\000r\000i\000c\000e}{section.13}% 52
